<?xml version="1.0" encoding="UTF-8"?>
<!-- Generated by org.testng.reporters.JUnitReportReporter -->
<testsuite skipped="0" hostname="DESKTOP-DKR18H5" name="Test.LoginTest" tests="5" failures="0" timestamp="19 Mar 2018 23:10:52 GMT" time="12.238" errors="0">
  <testcase name="accessUrl" time="2.922" classname="Test.LoginTest"/>
  <testcase name="performLogin" time="1.975" classname="Test.LoginTest"/>
  <testcase name="performLogin" time="3.823" classname="Test.LoginTest"/>
  <testcase name="performLogin" time="1.803" classname="Test.LoginTest"/>
  <testcase name="performLogin" time="1.715" classname="Test.LoginTest"/>
</testsuite> <!-- Test.LoginTest -->
