<?xml version="1.0" encoding="UTF-8"?>
<!-- Generated by org.testng.reporters.JUnitReportReporter -->
<testsuite skipped="0" hostname="DESKTOP-DKR18H5" name="Test.LoginTest2" tests="5" failures="0" timestamp="20 Mar 2018 01:38:56 GMT" time="11.947" errors="0">
  <testcase name="accessUrl" time="3.388" classname="Test.LoginTest2"/>
  <testcase name="performLogin" time="3.778" classname="Test.LoginTest2"/>
  <testcase name="performLogin" time="1.493" classname="Test.LoginTest2"/>
  <testcase name="performLogin" time="1.636" classname="Test.LoginTest2"/>
  <testcase name="performLogin" time="1.652" classname="Test.LoginTest2"/>
</testsuite> <!-- Test.LoginTest2 -->
