<?xml version="1.0" encoding="UTF-8"?>
<!-- Generated by org.testng.reporters.JUnitReportReporter -->
<testsuite skipped="0" hostname="DESKTOP-DKR18H5" name="Test.LoginTest1" tests="5" failures="0" timestamp="20 Mar 2018 10:04:46 GMT" time="41.341" errors="0">
  <testcase name="accessUrl" time="25.391" classname="Test.LoginTest1"/>
  <testcase name="performLogin" time="3.966" classname="Test.LoginTest1"/>
  <testcase name="performLogin" time="6.739" classname="Test.LoginTest1"/>
  <testcase name="performLogin" time="2.898" classname="Test.LoginTest1"/>
  <testcase name="performLogin" time="2.347" classname="Test.LoginTest1"/>
</testsuite> <!-- Test.LoginTest1 -->
